<?xml version="1.0" encoding="UTF-8"?>
<testsuite xmlns:xsi="http://www.w3.org/2001/XMLSchema-instance" xsi:noNamespaceSchemaLocation="https://maven.apache.org/surefire/maven-surefire-plugin/xsd/surefire-test-report.xsd" name="hn.uth.com.proyecto.maven.tarea.AppTest" time="0.011" tests="14" errors="0" skipped="0" failures="0">
  <properties>
[...]
</properties>
  <testcase name="pruebaAreaRectanguloEnterosNegativos" classname="hn.uth.com.proyecto.maven.tarea.AppTest" time="0.004"/>
  <testcase name="pruebaAreaCuadradoEnterosPositivos" classname="hn.uth.com.proyecto.maven.tarea.AppTest" time="0"/>
  <testcase name="pruebaAreaTrianguloEnterosPositivos" classname="hn.uth.com.proyecto.maven.tarea.AppTest" time="0"/>
  <testcase name="pruebaAreaCirculoEnterosPositivos" classname="hn.uth.com.proyecto.maven.tarea.AppTest" time="0"/>
  <testcase name="pruebaAreaCuadradoEnterosNegativos" classname="hn.uth.com.proyecto.maven.tarea.AppTest" time="0"/>
  <testcase name="pruebaAreaTrianguloEnterosNegativos" classname="hn.uth.com.proyecto.maven.tarea.AppTest" time="0"/>
  <testcase name="pruebaAreaCirculoEnterosNegativos" classname="hn.uth.com.proyecto.maven.tarea.AppTest" time="0"/>
  <testcase name="pruebaAreaCuadradoValorCero" classname="hn.uth.com.proyecto.maven.tarea.AppTest" time="0"/>
  <testcase name="pruebaAreaTrianguloBaseCero" classname="hn.uth.com.proyecto.maven.tarea.AppTest" time="0"/>
  <testcase name="pruebaAreaCirculoValorCero" classname="hn.uth.com.proyecto.maven.tarea.AppTest" time="0"/>
  <testcase name="pruebaAreaTrianguloAlturaCero" classname="hn.uth.com.proyecto.maven.tarea.AppTest" time="0"/>
  <testcase name="pruebaAreaRectanguloAlturaCero" classname="hn.uth.com.proyecto.maven.tarea.AppTest" time="0"/>
  <testcase name="pruebaAreaRectanguloEnterosPositivos" classname="hn.uth.com.proyecto.maven.tarea.AppTest" time="0"/>
  <testcase name="pruebaAreaRectanguloBaseCero" classname="hn.uth.com.proyecto.maven.tarea.AppTest" time="0"/>
</testsuite>